<?xml version="1.0" encoding="UTF-8"?>
<!-- Generated by org.testng.reporters.JUnitReportReporter -->
<testsuite hostname="Vus-MacBook-Pro.local" failures="0" tests="2" name="suite.TestRunner" time="32.233" errors="0" timestamp="16 Apr 2020 06:08:27 GMT">
  <testcase classname="suite.TestRunner" name="rgaSea" time="16.162"/>
  <testcase classname="suite.TestRunner" name="rgaSea" time="16.071"/>
</testsuite> <!-- suite.TestRunner -->
